Build started 9/20/2015 6:46:06 PM.
     1>Project "C:\Users\Justin\Documents\Visual Studio 2015\Projects\Project_SpaceInvaders\Project_SpaceInvaders\Project_SpaceInvaders.vcxproj" on node 2 (Build target(s)).
     1>ClCompile:
         C:\Program Files (x86)\Microsoft Visual Studio 14.0\VC\bin\CL.exe /c /I"C:\Program Files (x86)\SFML\include" /ZI /nologo /W3 /WX- /sdl /Od /Oy- /D _MBCS /Gm /EHsc /RTC1 /MDd /GS /fp:precise /Zc:wchar_t /Zc:forScope /Zc:inline /Fo"Debug\\" /Fd"Debug\vc140.pdb" /Gd /TP /analyze- /errorReport:prompt enemy.cpp game.cpp player.cpp projectile.cpp
         projectile.cpp
         player.cpp
         game.cpp
         enemy.cpp
         Generating Code...
       Link:
         C:\Program Files (x86)\Microsoft Visual Studio 14.0\VC\bin\link.exe /ERRORREPORT:PROMPT /OUT:"C:\Users\Justin\Documents\Visual Studio 2015\Projects\Project_SpaceInvaders\Debug\Project_SpaceInvaders.exe" /INCREMENTAL /NOLOGO /LIBPATH:"C:\Program Files (x86)\SFML\lib" "sfml-graphics-d.lib" "sfml-system-d.lib" "sfml-window-d.lib" kernel32.lib user32.lib gdi32.lib winspool.lib comdlg32.lib advapi32.lib shell32.lib ole32.lib oleaut32.lib uuid.lib odbc32.lib odbccp32.lib kernel32.lib user32.lib gdi32.lib winspool.lib comdlg32.lib advapi32.lib shell32.lib ole32.lib oleaut32.lib uuid.lib odbc32.lib odbccp32.lib /MANIFEST /MANIFESTUAC:"level='asInvoker' uiAccess='false'" /manifest:embed /Debug /PDB:"C:\Users\Justin\Documents\Visual Studio 2015\Projects\Project_SpaceInvaders\Debug\Project_SpaceInvaders.pdb" /TLBID:1 /DYNAMICBASE /NXCOMPAT /IMPLIB:"C:\Users\Justin\Documents\Visual Studio 2015\Projects\Project_SpaceInvaders\Debug\Project_SpaceInvaders.lib" /MACHINE:X86 Debug\box.obj
         Debug\enemy.obj
         Debug\game.obj
         Debug\graphics.obj
         Debug\main.obj
         Debug\player.obj
         Debug\projectile.obj
         Project_SpaceInvaders.vcxproj -> C:\Users\Justin\Documents\Visual Studio 2015\Projects\Project_SpaceInvaders\Debug\Project_SpaceInvaders.exe
     1>Done Building Project "C:\Users\Justin\Documents\Visual Studio 2015\Projects\Project_SpaceInvaders\Project_SpaceInvaders\Project_SpaceInvaders.vcxproj" (Build target(s)).

Build succeeded.

Time Elapsed 00:00:02.91
